\BOOKMARK [0][-]{chapter.1}{\376\377\000c\000a\000c\000h\000e\000s\000i\000m}{}% 1
\BOOKMARK [0][-]{chapter.2}{\376\377\000N\000a\000m\000e\000s\000p\000a\000c\000e\000\040\000I\000n\000d\000e\000x}{}% 2
\BOOKMARK [1][-]{section.2.1}{\376\377\000N\000a\000m\000e\000s\000p\000a\000c\000e\000\040\000L\000i\000s\000t}{chapter.2}% 3
\BOOKMARK [0][-]{chapter.3}{\376\377\000C\000l\000a\000s\000s\000\040\000I\000n\000d\000e\000x}{}% 4
\BOOKMARK [1][-]{section.3.1}{\376\377\000C\000l\000a\000s\000s\000\040\000L\000i\000s\000t}{chapter.3}% 5
\BOOKMARK [0][-]{chapter.4}{\376\377\000F\000i\000l\000e\000\040\000I\000n\000d\000e\000x}{}% 6
\BOOKMARK [1][-]{section.4.1}{\376\377\000F\000i\000l\000e\000\040\000L\000i\000s\000t}{chapter.4}% 7
\BOOKMARK [0][-]{chapter.5}{\376\377\000N\000a\000m\000e\000s\000p\000a\000c\000e\000\040\000D\000o\000c\000u\000m\000e\000n\000t\000a\000t\000i\000o\000n}{}% 8
\BOOKMARK [1][-]{section.5.1}{\376\377\000u\000t\000i\000l\000\040\000N\000a\000m\000e\000s\000p\000a\000c\000e\000\040\000R\000e\000f\000e\000r\000e\000n\000c\000e}{chapter.5}% 9
\BOOKMARK [2][-]{subsection.5.1.1}{\376\377\000F\000u\000n\000c\000t\000i\000o\000n\000\040\000D\000o\000c\000u\000m\000e\000n\000t\000a\000t\000i\000o\000n}{section.5.1}% 10
\BOOKMARK [3][-]{subsubsection.5.1.1.1}{\376\377\000l\000t\000r\000i\000m}{subsection.5.1.1}% 11
\BOOKMARK [3][-]{subsubsection.5.1.1.2}{\376\377\000o\000p\000e\000r\000a\000t\000o\000r\000<\000<}{subsection.5.1.1}% 12
\BOOKMARK [3][-]{subsubsection.5.1.1.3}{\376\377\000p\000a\000d\000H\000e\000x}{subsection.5.1.1}% 13
\BOOKMARK [3][-]{subsubsection.5.1.1.4}{\376\377\000r\000t\000r\000i\000m}{subsection.5.1.1}% 14
\BOOKMARK [3][-]{subsubsection.5.1.1.5}{\376\377\000s\000p\000l\000i\000t\000L\000i\000n\000e}{subsection.5.1.1}% 15
\BOOKMARK [3][-]{subsubsection.5.1.1.6}{\376\377\000t\000r\000i\000m}{subsection.5.1.1}% 16
\BOOKMARK [0][-]{chapter.6}{\376\377\000C\000l\000a\000s\000s\000\040\000D\000o\000c\000u\000m\000e\000n\000t\000a\000t\000i\000o\000n}{}% 17
\BOOKMARK [1][-]{section.6.1}{\376\377\000C\000a\000c\000h\000e\000\040\000C\000l\000a\000s\000s\000\040\000R\000e\000f\000e\000r\000e\000n\000c\000e}{chapter.6}% 18
\BOOKMARK [2][-]{subsection.6.1.1}{\376\377\000C\000o\000n\000s\000t\000r\000u\000c\000t\000o\000r\000\040\000\046\000\040\000D\000e\000s\000t\000r\000u\000c\000t\000o\000r\000\040\000D\000o\000c\000u\000m\000e\000n\000t\000a\000t\000i\000o\000n}{section.6.1}% 19
\BOOKMARK [3][-]{subsubsection.6.1.1.1}{\376\377\000C\000a\000c\000h\000e}{subsection.6.1.1}% 20
\BOOKMARK [3][-]{subsubsection.6.1.1.2}{\376\377\000C\000a\000c\000h\000e}{subsection.6.1.1}% 21
\BOOKMARK [2][-]{subsection.6.1.2}{\376\377\000M\000e\000m\000b\000e\000r\000\040\000F\000u\000n\000c\000t\000i\000o\000n\000\040\000D\000o\000c\000u\000m\000e\000n\000t\000a\000t\000i\000o\000n}{section.6.1}% 22
\BOOKMARK [3][-]{subsubsection.6.1.2.1}{\376\377\000e\000x\000e\000c}{subsection.6.1.2}% 23
\BOOKMARK [3][-]{subsubsection.6.1.2.2}{\376\377\000f\000i\000n\000d\000M\000a\000t\000c\000h}{subsection.6.1.2}% 24
\BOOKMARK [3][-]{subsubsection.6.1.2.3}{\376\377\000g\000e\000t\000A\000s\000s\000o\000c\000i\000a\000t\000i\000v\000i\000t\000y}{subsection.6.1.2}% 25
\BOOKMARK [3][-]{subsubsection.6.1.2.4}{\376\377\000g\000e\000t\000B\000l\000o\000c\000k\000S\000i\000z\000e}{subsection.6.1.2}% 26
\BOOKMARK [3][-]{subsubsection.6.1.2.5}{\376\377\000g\000e\000t\000C\000a\000c\000h\000e\000S\000i\000z\000e}{subsection.6.1.2}% 27
\BOOKMARK [3][-]{subsubsection.6.1.2.6}{\376\377\000g\000e\000t\000N\000u\000m\000B\000l\000o\000c\000k\000s}{subsection.6.1.2}% 28
\BOOKMARK [3][-]{subsubsection.6.1.2.7}{\376\377\000g\000e\000t\000N\000u\000m\000S\000e\000t\000s}{subsection.6.1.2}% 29
\BOOKMARK [3][-]{subsubsection.6.1.2.8}{\376\377\000i\000n\000i\000t}{subsection.6.1.2}% 30
\BOOKMARK [3][-]{subsubsection.6.1.2.9}{\376\377\000l\000o\000a\000d}{subsection.6.1.2}% 31
\BOOKMARK [3][-]{subsubsection.6.1.2.10}{\376\377\000l\000o\000a\000d\000F\000i\000l\000e}{subsection.6.1.2}% 32
\BOOKMARK [3][-]{subsubsection.6.1.2.11}{\376\377\000l\000o\000a\000d\000F\000i\000l\000e}{subsection.6.1.2}% 33
\BOOKMARK [3][-]{subsubsection.6.1.2.12}{\376\377\000p\000o\000p\000S\000l\000o\000t}{subsection.6.1.2}% 34
\BOOKMARK [3][-]{subsubsection.6.1.2.13}{\376\377\000s\000t\000o\000r\000e}{subsection.6.1.2}% 35
\BOOKMARK [2][-]{subsection.6.1.3}{\376\377\000M\000e\000m\000b\000e\000r\000\040\000D\000a\000t\000a\000\040\000D\000o\000c\000u\000m\000e\000n\000t\000a\000t\000i\000o\000n}{section.6.1}% 36
\BOOKMARK [3][-]{subsubsection.6.1.3.1}{\376\377\000\137\000a\000s\000s\000o\000c\000i\000a\000t\000i\000v\000i\000t\000y}{subsection.6.1.3}% 37
\BOOKMARK [3][-]{subsubsection.6.1.3.2}{\376\377\000\137\000b\000l\000o\000c\000k\000S\000i\000z\000e}{subsection.6.1.3}% 38
\BOOKMARK [3][-]{subsubsection.6.1.3.3}{\376\377\000\137\000c\000a\000c\000h\000e\000S\000i\000z\000e}{subsection.6.1.3}% 39
\BOOKMARK [3][-]{subsubsection.6.1.3.4}{\376\377\000\137\000f\000i\000l\000e\000n\000a\000m\000e}{subsection.6.1.3}% 40
\BOOKMARK [3][-]{subsubsection.6.1.3.5}{\376\377\000\137\000f\000s}{subsection.6.1.3}% 41
\BOOKMARK [3][-]{subsubsection.6.1.3.6}{\376\377\000\137\000n\000u\000m\000B\000l\000o\000c\000k\000s}{subsection.6.1.3}% 42
\BOOKMARK [3][-]{subsubsection.6.1.3.7}{\376\377\000\137\000n\000u\000m\000S\000e\000t\000s}{subsection.6.1.3}% 43
\BOOKMARK [3][-]{subsubsection.6.1.3.8}{\376\377\000m\000a\000i\000n\000M\000e\000m}{subsection.6.1.3}% 44
\BOOKMARK [3][-]{subsubsection.6.1.3.9}{\376\377\000O\000F\000F\000\137\000B\000I\000T\000M\000A\000S\000K}{subsection.6.1.3}% 45
\BOOKMARK [3][-]{subsubsection.6.1.3.10}{\376\377\000O\000F\000F\000W\000I\000D\000T\000H}{subsection.6.1.3}% 46
\BOOKMARK [3][-]{subsubsection.6.1.3.11}{\376\377\000S\000E\000T\000\137\000B\000I\000T\000M\000A\000S\000K}{subsection.6.1.3}% 47
\BOOKMARK [3][-]{subsubsection.6.1.3.12}{\376\377\000s\000e\000t\000s}{subsection.6.1.3}% 48
\BOOKMARK [3][-]{subsubsection.6.1.3.13}{\376\377\000S\000E\000T\000W\000I\000D\000T\000H}{subsection.6.1.3}% 49
\BOOKMARK [3][-]{subsubsection.6.1.3.14}{\376\377\000T\000A\000G\000\137\000B\000I\000T\000M\000A\000S\000K}{subsection.6.1.3}% 50
\BOOKMARK [3][-]{subsubsection.6.1.3.15}{\376\377\000T\000A\000G\000W\000I\000D\000T\000H}{subsection.6.1.3}% 51
\BOOKMARK [1][-]{section.6.2}{\376\377\000C\000a\000c\000h\000e\000:\000:\000C\000a\000c\000h\000e\000R\000e\000s\000u\000l\000t\000\040\000S\000t\000r\000u\000c\000t\000\040\000R\000e\000f\000e\000r\000e\000n\000c\000e}{chapter.6}% 52
\BOOKMARK [2][-]{subsection.6.2.1}{\376\377\000M\000e\000m\000b\000e\000r\000\040\000D\000a\000t\000a\000\040\000D\000o\000c\000u\000m\000e\000n\000t\000a\000t\000i\000o\000n}{section.6.2}% 53
\BOOKMARK [3][-]{subsubsection.6.2.1.1}{\376\377\000h\000i\000t}{subsection.6.2.1}% 54
\BOOKMARK [3][-]{subsubsection.6.2.1.2}{\376\377\000v\000a\000l\000u\000e}{subsection.6.2.1}% 55
\BOOKMARK [1][-]{section.6.3}{\376\377\000C\000a\000c\000h\000e\000:\000:\000S\000l\000o\000t\000\040\000S\000t\000r\000u\000c\000t\000\040\000R\000e\000f\000e\000r\000e\000n\000c\000e}{chapter.6}% 56
\BOOKMARK [2][-]{subsection.6.3.1}{\376\377\000M\000e\000m\000b\000e\000r\000\040\000D\000a\000t\000a\000\040\000D\000o\000c\000u\000m\000e\000n\000t\000a\000t\000i\000o\000n}{section.6.3}% 57
\BOOKMARK [3][-]{subsubsection.6.3.1.1}{\376\377\000d}{subsection.6.3.1}% 58
\BOOKMARK [3][-]{subsubsection.6.3.1.2}{\376\377\000d\000a\000t\000a}{subsection.6.3.1}% 59
\BOOKMARK [3][-]{subsubsection.6.3.1.3}{\376\377\000f\000i\000e\000l\000d\000s}{subsection.6.3.1}% 60
\BOOKMARK [3][-]{subsubsection.6.3.1.4}{\376\377\000V}{subsection.6.3.1}% 61
\BOOKMARK [0][-]{chapter.7}{\376\377\000F\000i\000l\000e\000\040\000D\000o\000c\000u\000m\000e\000n\000t\000a\000t\000i\000o\000n}{}% 62
\BOOKMARK [1][-]{section.7.1}{\376\377\000c\000a\000c\000h\000e\000.\000c\000c\000\040\000F\000i\000l\000e\000\040\000R\000e\000f\000e\000r\000e\000n\000c\000e}{chapter.7}% 63
\BOOKMARK [2][-]{subsection.7.1.1}{\376\377\000F\000u\000n\000c\000t\000i\000o\000n\000\040\000D\000o\000c\000u\000m\000e\000n\000t\000a\000t\000i\000o\000n}{section.7.1}% 64
\BOOKMARK [3][-]{subsubsection.7.1.1.1}{\376\377\000F\000r\000o\000m\000S\000t\000r\000i\000n\000g}{subsection.7.1.1}% 65
\BOOKMARK [1][-]{section.7.2}{\376\377\000c\000a\000c\000h\000e\000.\000h\000\040\000F\000i\000l\000e\000\040\000R\000e\000f\000e\000r\000e\000n\000c\000e}{chapter.7}% 66
\BOOKMARK [2][-]{subsection.7.2.1}{\376\377\000D\000e\000f\000i\000n\000e\000\040\000D\000o\000c\000u\000m\000e\000n\000t\000a\000t\000i\000o\000n}{section.7.2}% 67
\BOOKMARK [3][-]{subsubsection.7.2.1.1}{\376\377\000B\000U\000S\000W\000I\000D\000T\000H}{subsection.7.2.1}% 68
\BOOKMARK [2][-]{subsection.7.2.2}{\376\377\000F\000u\000n\000c\000t\000i\000o\000n\000\040\000D\000o\000c\000u\000m\000e\000n\000t\000a\000t\000i\000o\000n}{section.7.2}% 69
\BOOKMARK [3][-]{subsubsection.7.2.2.1}{\376\377\000F\000r\000o\000m\000S\000t\000r\000i\000n\000g}{subsection.7.2.2}% 70
\BOOKMARK [1][-]{section.7.3}{\376\377\000c\000a\000c\000h\000e\000s\000i\000m\000.\000c\000c\000\040\000F\000i\000l\000e\000\040\000R\000e\000f\000e\000r\000e\000n\000c\000e}{chapter.7}% 71
\BOOKMARK [2][-]{subsection.7.3.1}{\376\377\000F\000u\000n\000c\000t\000i\000o\000n\000\040\000D\000o\000c\000u\000m\000e\000n\000t\000a\000t\000i\000o\000n}{section.7.3}% 72
\BOOKMARK [3][-]{subsubsection.7.3.1.1}{\376\377\000F\000r\000o\000m\000S\000t\000r\000i\000n\000g}{subsection.7.3.1}% 73
\BOOKMARK [3][-]{subsubsection.7.3.1.2}{\376\377\000m\000a\000i\000n}{subsection.7.3.1}% 74
\BOOKMARK [1][-]{section.7.4}{\376\377\000c\000a\000c\000h\000e\000s\000i\000m\000.\000h\000\040\000F\000i\000l\000e\000\040\000R\000e\000f\000e\000r\000e\000n\000c\000e}{chapter.7}% 75
\BOOKMARK [2][-]{subsection.7.4.1}{\376\377\000F\000u\000n\000c\000t\000i\000o\000n\000\040\000D\000o\000c\000u\000m\000e\000n\000t\000a\000t\000i\000o\000n}{section.7.4}% 76
\BOOKMARK [3][-]{subsubsection.7.4.1.1}{\376\377\000F\000r\000o\000m\000S\000t\000r\000i\000n\000g}{subsection.7.4.1}% 77
\BOOKMARK [3][-]{subsubsection.7.4.1.2}{\376\377\000m\000a\000i\000n}{subsection.7.4.1}% 78
\BOOKMARK [1][-]{section.7.5}{\376\377\000R\000E\000A\000D\000M\000E\000.\000m\000d\000\040\000F\000i\000l\000e\000\040\000R\000e\000f\000e\000r\000e\000n\000c\000e}{chapter.7}% 79
\BOOKMARK [1][-]{section.7.6}{\376\377\000u\000t\000i\000l\000.\000c\000c\000\040\000F\000i\000l\000e\000\040\000R\000e\000f\000e\000r\000e\000n\000c\000e}{chapter.7}% 80
\BOOKMARK [1][-]{section.7.7}{\376\377\000u\000t\000i\000l\000.\000h\000\040\000F\000i\000l\000e\000\040\000R\000e\000f\000e\000r\000e\000n\000c\000e}{chapter.7}% 81
